Logfile initialized
[INFO] logfile = /Users/sindhyapeter/Documents/Titanium_Studio_Workspace/Miscue/build.log
[DEBUG] /Users/sindhyapeter/Library/Application Support/Titanium/mobilesdk/osx/3.1.3.GA/android/builder.py install Miscue /Volumes/Work/AndroidSdk/sdk /Users/sindhyapeter/Documents/Titanium_Studio_Workspace/Miscue com.zenopsys.Miscue 18
[INFO] Titanium SDK version: 3.1.3 (09/18/13 12:00 222f4d1)
[DEBUG] Waiting for device to be ready ...
[TRACE] adb devices returned 1 devices/emulators
[DEBUG] Device connected... (waited 0 seconds)
[DEBUG] waited 0.016828 seconds on emulator to get ready
[DEBUG] com.zenopsys.Miscue installed? False
[INFO] Copying CommonJS modules...
[INFO] Copying project resources..
[TRACE] COPYING MODIFIED FILE: /Users/sindhyapeter/Documents/Titanium_Studio_Workspace/Miscue/Resources/MainMiscue/ui/miscueMenuPage.js => /Users/sindhyapeter/Documents/Titanium_Studio_Workspace/Miscue/build/android/bin/assets/Resources/MainMiscue/ui/miscueMenuPage.js
[DEBUG] LiveView not enabled
[TRACE] Generating Java Classes
[DEBUG] Processing Android resource drawables
[DEBUG] Removed duplicate string [app_name] from /Users/sindhyapeter/Documents/Titanium_Studio_Workspace/Miscue/build/android/res/values/strings.xml
[DEBUG] Removed duplicate string [Please_Login] from /Users/sindhyapeter/Documents/Titanium_Studio_Workspace/Miscue/build/android/res/values-es/strings.xml
[DEBUG] copying app icon: /Users/sindhyapeter/Documents/Titanium_Studio_Workspace/Miscue/build/android/bin/assets/Resources/appicon.png
[DEBUG] generating theme.xml
[DEBUG] found drawable-long-land-hdpi splash screen at /Users/sindhyapeter/Documents/Titanium_Studio_Workspace/Miscue/Resources/android/images/res-long-land-hdpi/default.png
[DEBUG] copying /Users/sindhyapeter/Documents/Titanium_Studio_Workspace/Miscue/Resources/android/images/res-long-land-hdpi/default.png splash screen to /Users/sindhyapeter/Documents/Titanium_Studio_Workspace/Miscue/build/android/res/drawable-long-land-hdpi/background.png
[DEBUG] found drawable-long-land-ldpi splash screen at /Users/sindhyapeter/Documents/Titanium_Studio_Workspace/Miscue/Resources/android/images/res-long-land-ldpi/default.png
[DEBUG] copying /Users/sindhyapeter/Documents/Titanium_Studio_Workspace/Miscue/Resources/android/images/res-long-land-ldpi/default.png splash screen to /Users/sindhyapeter/Documents/Titanium_Studio_Workspace/Miscue/build/android/res/drawable-long-land-ldpi/background.png
[DEBUG] found drawable-long-land-mdpi splash screen at /Users/sindhyapeter/Documents/Titanium_Studio_Workspace/Miscue/Resources/android/images/res-long-land-mdpi/default.png
[DEBUG] copying /Users/sindhyapeter/Documents/Titanium_Studio_Workspace/Miscue/Resources/android/images/res-long-land-mdpi/default.png splash screen to /Users/sindhyapeter/Documents/Titanium_Studio_Workspace/Miscue/build/android/res/drawable-long-land-mdpi/background.png
[DEBUG] found drawable-long-land-xhdpi splash screen at /Users/sindhyapeter/Documents/Titanium_Studio_Workspace/Miscue/Resources/android/images/res-long-land-xhdpi/default.png
[DEBUG] copying /Users/sindhyapeter/Documents/Titanium_Studio_Workspace/Miscue/Resources/android/images/res-long-land-xhdpi/default.png splash screen to /Users/sindhyapeter/Documents/Titanium_Studio_Workspace/Miscue/build/android/res/drawable-long-land-xhdpi/background.png
[DEBUG] found drawable-long-port-hdpi splash screen at /Users/sindhyapeter/Documents/Titanium_Studio_Workspace/Miscue/Resources/android/images/res-long-port-hdpi/default.png
[DEBUG] copying /Users/sindhyapeter/Documents/Titanium_Studio_Workspace/Miscue/Resources/android/images/res-long-port-hdpi/default.png splash screen to /Users/sindhyapeter/Documents/Titanium_Studio_Workspace/Miscue/build/android/res/drawable-long-port-hdpi/background.png
[DEBUG] found drawable-long-port-ldpi splash screen at /Users/sindhyapeter/Documents/Titanium_Studio_Workspace/Miscue/Resources/android/images/res-long-port-ldpi/default.png
[DEBUG] copying /Users/sindhyapeter/Documents/Titanium_Studio_Workspace/Miscue/Resources/android/images/res-long-port-ldpi/default.png splash screen to /Users/sindhyapeter/Documents/Titanium_Studio_Workspace/Miscue/build/android/res/drawable-long-port-ldpi/background.png
[DEBUG] found drawable-long-port-mdpi splash screen at /Users/sindhyapeter/Documents/Titanium_Studio_Workspace/Miscue/Resources/android/images/res-long-port-mdpi/default.png
[DEBUG] copying /Users/sindhyapeter/Documents/Titanium_Studio_Workspace/Miscue/Resources/android/images/res-long-port-mdpi/default.png splash screen to /Users/sindhyapeter/Documents/Titanium_Studio_Workspace/Miscue/build/android/res/drawable-long-port-mdpi/background.png
[DEBUG] found drawable-long-port-xhdpi splash screen at /Users/sindhyapeter/Documents/Titanium_Studio_Workspace/Miscue/Resources/android/images/res-long-port-xhdpi/default.png
[DEBUG] copying /Users/sindhyapeter/Documents/Titanium_Studio_Workspace/Miscue/Resources/android/images/res-long-port-xhdpi/default.png splash screen to /Users/sindhyapeter/Documents/Titanium_Studio_Workspace/Miscue/build/android/res/drawable-long-port-xhdpi/background.png
[DEBUG] found drawable-notlong-land-hdpi splash screen at /Users/sindhyapeter/Documents/Titanium_Studio_Workspace/Miscue/Resources/android/images/res-notlong-land-hdpi/default.png
[DEBUG] copying /Users/sindhyapeter/Documents/Titanium_Studio_Workspace/Miscue/Resources/android/images/res-notlong-land-hdpi/default.png splash screen to /Users/sindhyapeter/Documents/Titanium_Studio_Workspace/Miscue/build/android/res/drawable-notlong-land-hdpi/background.png
[DEBUG] found drawable-notlong-land-ldpi splash screen at /Users/sindhyapeter/Documents/Titanium_Studio_Workspace/Miscue/Resources/android/images/res-notlong-land-ldpi/default.png
[DEBUG] copying /Users/sindhyapeter/Documents/Titanium_Studio_Workspace/Miscue/Resources/android/images/res-notlong-land-ldpi/default.png splash screen to /Users/sindhyapeter/Documents/Titanium_Studio_Workspace/Miscue/build/android/res/drawable-notlong-land-ldpi/background.png
[DEBUG] found drawable-notlong-land-mdpi splash screen at /Users/sindhyapeter/Documents/Titanium_Studio_Workspace/Miscue/Resources/android/images/res-notlong-land-mdpi/default.png
[DEBUG] copying /Users/sindhyapeter/Documents/Titanium_Studio_Workspace/Miscue/Resources/android/images/res-notlong-land-mdpi/default.png splash screen to /Users/sindhyapeter/Documents/Titanium_Studio_Workspace/Miscue/build/android/res/drawable-notlong-land-mdpi/background.png
[DEBUG] found drawable-notlong-land-xhdpi splash screen at /Users/sindhyapeter/Documents/Titanium_Studio_Workspace/Miscue/Resources/android/images/res-notlong-land-xhdpi/default.png
[DEBUG] copying /Users/sindhyapeter/Documents/Titanium_Studio_Workspace/Miscue/Resources/android/images/res-notlong-land-xhdpi/default.png splash screen to /Users/sindhyapeter/Documents/Titanium_Studio_Workspace/Miscue/build/android/res/drawable-notlong-land-xhdpi/background.png
[DEBUG] found drawable-notlong-port-hdpi splash screen at /Users/sindhyapeter/Documents/Titanium_Studio_Workspace/Miscue/Resources/android/images/res-notlong-port-hdpi/default.png
[DEBUG] copying /Users/sindhyapeter/Documents/Titanium_Studio_Workspace/Miscue/Resources/android/images/res-notlong-port-hdpi/default.png splash screen to /Users/sindhyapeter/Documents/Titanium_Studio_Workspace/Miscue/build/android/res/drawable-notlong-port-hdpi/background.png
[DEBUG] found drawable-notlong-port-ldpi splash screen at /Users/sindhyapeter/Documents/Titanium_Studio_Workspace/Miscue/Resources/android/images/res-notlong-port-ldpi/default.png
[DEBUG] copying /Users/sindhyapeter/Documents/Titanium_Studio_Workspace/Miscue/Resources/android/images/res-notlong-port-ldpi/default.png splash screen to /Users/sindhyapeter/Documents/Titanium_Studio_Workspace/Miscue/build/android/res/drawable-notlong-port-ldpi/background.png
[DEBUG] found drawable-notlong-port-mdpi splash screen at /Users/sindhyapeter/Documents/Titanium_Studio_Workspace/Miscue/Resources/android/images/res-notlong-port-mdpi/default.png
[DEBUG] copying /Users/sindhyapeter/Documents/Titanium_Studio_Workspace/Miscue/Resources/android/images/res-notlong-port-mdpi/default.png splash screen to /Users/sindhyapeter/Documents/Titanium_Studio_Workspace/Miscue/build/android/res/drawable-notlong-port-mdpi/background.png
[DEBUG] found drawable-notlong-port-xhdpi splash screen at /Users/sindhyapeter/Documents/Titanium_Studio_Workspace/Miscue/Resources/android/images/res-notlong-port-xhdpi/default.png
[DEBUG] copying /Users/sindhyapeter/Documents/Titanium_Studio_Workspace/Miscue/Resources/android/images/res-notlong-port-xhdpi/default.png splash screen to /Users/sindhyapeter/Documents/Titanium_Studio_Workspace/Miscue/build/android/res/drawable-notlong-port-xhdpi/background.png
[DEBUG] found splash screen at /Users/sindhyapeter/Documents/Titanium_Studio_Workspace/Miscue/build/android/bin/assets/Resources/default.png
[TRACE] Writing out AndroidManifest.xml
[DEBUG] adding /Users/sindhyapeter/Documents/Titanium_Studio_Workspace/Miscue/build/android/gen/com/zenopsys/Miscue/MiscueActivity.java to javac build list
[DEBUG] adding /Users/sindhyapeter/Documents/Titanium_Studio_Workspace/Miscue/build/android/gen/com/zenopsys/Miscue/MiscueAppInfo.java to javac build list
[DEBUG] adding /Users/sindhyapeter/Documents/Titanium_Studio_Workspace/Miscue/build/android/gen/com/zenopsys/Miscue/MiscueApplication.java to javac build list
[DEBUG] adding /Users/sindhyapeter/Documents/Titanium_Studio_Workspace/Miscue/build/android/gen/com/zenopsys/Miscue/R.java to javac build list
[DEBUG] Building Java Sources: "/Users/sindhyapeter/Documents/Titanium_Studio_Workspace/Miscue/build/android/gen/com/zenopsys/Miscue/MiscueActivity.java" "/Users/sindhyapeter/Documents/Titanium_Studio_Workspace/Miscue/build/android/gen/com/zenopsys/Miscue/MiscueAppInfo.java" "/Users/sindhyapeter/Documents/Titanium_Studio_Workspace/Miscue/build/android/gen/com/zenopsys/Miscue/MiscueApplication.java" "/Users/sindhyapeter/Documents/Titanium_Studio_Workspace/Miscue/build/android/gen/com/zenopsys/Miscue/R.java"
[INFO] Compiling Android Resources... This could take some time
[DEBUG] Android classes.dex built
[DEBUG] creating unsigned apk: /Users/sindhyapeter/Documents/Titanium_Studio_Workspace/Miscue/build/android/bin/app-unsigned.apk
[DEBUG] from resource zip => assets/Resources/MainMiscue/config/config.js
[DEBUG] from resource zip => assets/Resources/MainMiscue/model/Miscuedb.js
[DEBUG] from resource zip => assets/Resources/MainMiscue/ui/Apifile.js
[DEBUG] from resource zip => assets/Resources/MainMiscue/ui/HomeScreen.js
[DEBUG] from resource zip => assets/Resources/MainMiscue/ui/HomeWebview.js
[DEBUG] from resource zip => assets/Resources/MainMiscue/ui/JqueryPlugin.js
[DEBUG] from resource zip => assets/Resources/MainMiscue/ui/LoginPage.js
[DEBUG] from resource zip => assets/Resources/MainMiscue/ui/loadingScreen.js
[DEBUG] from resource zip => assets/Resources/MainMiscue/ui/miscueMenuPage.js
[DEBUG] from resource zip => assets/Resources/MainMiscue/ui/miscueSessionPage.js
[DEBUG] from resource zip => assets/Resources/MainMiscue/ui/notecontent.js
[DEBUG] from resource zip => assets/Resources/MainMiscue/ui/searchSession.js
[DEBUG] from resource zip => assets/Resources/MainMiscue/ui/sessionBookPage.js
[DEBUG] from resource zip => assets/Resources/MainMiscue/ui/sessionGroupPage.js
[DEBUG] from resource zip => assets/Resources/MainMiscue/ui/sessionLearnerPage.js
[DEBUG] from resource zip => assets/Resources/MainMiscue/ui/styles.js
[DEBUG] from resource zip => assets/Resources/MainMiscue/miscue.js
[DEBUG] from resource zip => assets/Resources/images/BACK_BUTTON.png
[DEBUG] from resource zip => assets/Resources/images/LOGOUT.png
[DEBUG] from resource zip => assets/Resources/images/MISCUE_SAVE.png
[DEBUG] from resource zip => assets/Resources/images/Save.png
[DEBUG] from resource zip => assets/Resources/images/app_title.png
[DEBUG] from resource zip => assets/Resources/images/appicon.png
[DEBUG] from resource zip => assets/Resources/images/appicon@2x.png
[DEBUG] from resource zip => assets/Resources/images/arrows.png
[DEBUG] from resource zip => assets/Resources/images/audioFileImage.png
[DEBUG] from resource zip => assets/Resources/images/audioIndicate.png
[DEBUG] from resource zip => assets/Resources/images/back.png
[DEBUG] from resource zip => assets/Resources/images/backward.png
[DEBUG] from resource zip => assets/Resources/images/button_bg.png
[DEBUG] from resource zip => assets/Resources/images/button_bg_black.png
[DEBUG] from resource zip => assets/Resources/images/checked.png
[DEBUG] from resource zip => assets/Resources/images/close.png
[DEBUG] from resource zip => assets/Resources/images/default.png
[DEBUG] from resource zip => assets/Resources/images/forward.png
[DEBUG] from resource zip => assets/Resources/images/hideToolBar.png
[DEBUG] from resource zip => assets/Resources/images/login_bigger.png
[DEBUG] from resource zip => assets/Resources/images/login_smaller.png
[DEBUG] from resource zip => assets/Resources/images/noBookImage.png
[DEBUG] from resource zip => assets/Resources/images/noimage.png
[DEBUG] from resource zip => assets/Resources/images/not_save.png
[DEBUG] from resource zip => assets/Resources/images/note.png
[DEBUG] from resource zip => assets/Resources/images/padlockIcon.png
[DEBUG] from resource zip => assets/Resources/images/pause.png
[DEBUG] from resource zip => assets/Resources/images/play.png
[DEBUG] from resource zip => assets/Resources/images/record.png
[DEBUG] from resource zip => assets/Resources/images/refresh.png
[DEBUG] from resource zip => assets/Resources/images/saveButton.png
[DEBUG] from resource zip => assets/Resources/images/searchBar.png
[DEBUG] from resource zip => assets/Resources/images/showToolbar.png
[DEBUG] from resource zip => assets/Resources/images/stopPlayback.png
[DEBUG] from resource zip => assets/Resources/images/stopRecord.png
[DEBUG] from resource zip => assets/Resources/images/unchecked.png
[DEBUG] from resource zip => assets/Resources/images/user.png
[DEBUG] from resource zip => assets/Resources/images/userIcon.png
[DEBUG] from resource zip => assets/Resources/images/user_on.png
[DEBUG] from resource zip => assets/Resources/images/zoom-in.png
[DEBUG] from resource zip => assets/Resources/images/zoom_out.png
[DEBUG] from resource zip => assets/Resources/res/drawable-hdpi/appicon.png
[DEBUG] from resource zip => assets/Resources/res/drawable-ldpi/appicon.png
[DEBUG] from resource zip => assets/Resources/res/drawable-mdpi/appicon.png
[DEBUG] from resource zip => assets/Resources/res/drawable-xhdpi/appicon.png
[DEBUG] from resource zip => assets/Resources/res/drawable-xxhdpi/appicon.png
[DEBUG] from resource zip => assets/Resources/KS_nav_ui.png
[DEBUG] from resource zip => assets/Resources/KS_nav_views.png
[DEBUG] from resource zip => assets/Resources/app.js
[DEBUG] from resource zip => assets/Resources/app_title.png
[DEBUG] from resource zip => assets/Resources/appicon.png
[DEBUG] from resource zip => assets/Resources/close.png
[DEBUG] from resource zip => assets/Resources/default.png
[DEBUG] from resource zip => assets/app.json
[DEBUG] from resource zip => assets/index.json
[DEBUG] from resource zip => res/drawable/appicon.png
[DEBUG] from resource zip => res/drawable/background.png
[DEBUG] from resource zip => res/drawable/btn_check_buttonless_on_64.png
[DEBUG] from resource zip => res/drawable/btn_more_64.png
[DEBUG] from resource zip => res/drawable/disclosure_64.png
[DEBUG] from resource zip => res/layout/titanium_tabgroup.xml
[DEBUG] from resource zip => res/layout/titanium_ui_list_header_or_footer.xml
[DEBUG] from resource zip => res/layout/titanium_ui_list_item.xml
[DEBUG] from resource zip => AndroidManifest.xml
[DEBUG] from resource zip => resources.arsc
[DEBUG] from resource zip => res/drawable-long-land-hdpi/background.png
[DEBUG] from resource zip => res/drawable-long-land-ldpi/background.png
[DEBUG] from resource zip => res/drawable-long-land-mdpi/background.png
[DEBUG] from resource zip => res/drawable-long-land-xhdpi/background.png
[DEBUG] from resource zip => res/drawable-long-port-hdpi/background.png
[DEBUG] from resource zip => res/drawable-long-port-ldpi/background.png
[DEBUG] from resource zip => res/drawable-long-port-mdpi/background.png
[DEBUG] from resource zip => res/drawable-long-port-xhdpi/background.png
[DEBUG] from resource zip => res/drawable-notlong-land-hdpi/background.png
[DEBUG] from resource zip => res/drawable-notlong-land-ldpi/background.png
[DEBUG] from resource zip => res/drawable-notlong-land-mdpi/background.png
[DEBUG] from resource zip => res/drawable-notlong-land-xhdpi/background.png
[DEBUG] from resource zip => res/drawable-notlong-port-hdpi/background.png
[DEBUG] from resource zip => res/drawable-notlong-port-ldpi/background.png
[DEBUG] from resource zip => res/drawable-notlong-port-mdpi/background.png
[DEBUG] from resource zip => res/drawable-notlong-port-xhdpi/background.png
[DEBUG] from JAR /Users/sindhyapeter/Library/Application Support/Titanium/mobilesdk/osx/3.1.3.GA/android/titanium.jar => org/appcelerator/titanium/build.properties
[DEBUG] from JAR /Users/sindhyapeter/Library/Application Support/Titanium/mobilesdk/osx/3.1.3.GA/android/titanium.jar => org/appcelerator/titanium/res/drawable/background.png
[DEBUG] from JAR /Users/sindhyapeter/Library/Application Support/Titanium/mobilesdk/osx/3.1.3.GA/android/titanium.jar => org/appcelerator/titanium/res/drawable/btn_check_buttonless_on.png
[DEBUG] from JAR /Users/sindhyapeter/Library/Application Support/Titanium/mobilesdk/osx/3.1.3.GA/android/titanium.jar => org/appcelerator/titanium/res/drawable/btn_check_buttonless_on_18.png
[DEBUG] from JAR /Users/sindhyapeter/Library/Application Support/Titanium/mobilesdk/osx/3.1.3.GA/android/titanium.jar => org/appcelerator/titanium/res/drawable/btn_check_buttonless_on_48.png
[DEBUG] from JAR /Users/sindhyapeter/Library/Application Support/Titanium/mobilesdk/osx/3.1.3.GA/android/titanium.jar => org/appcelerator/titanium/res/drawable/btn_check_buttonless_on_64.png
[DEBUG] from JAR /Users/sindhyapeter/Library/Application Support/Titanium/mobilesdk/osx/3.1.3.GA/android/titanium.jar => org/appcelerator/titanium/res/drawable/btn_more.png
[DEBUG] from JAR /Users/sindhyapeter/Library/Application Support/Titanium/mobilesdk/osx/3.1.3.GA/android/titanium.jar => org/appcelerator/titanium/res/drawable/btn_more_18.png
[DEBUG] from JAR /Users/sindhyapeter/Library/Application Support/Titanium/mobilesdk/osx/3.1.3.GA/android/titanium.jar => org/appcelerator/titanium/res/drawable/btn_more_48.png
[DEBUG] from JAR /Users/sindhyapeter/Library/Application Support/Titanium/mobilesdk/osx/3.1.3.GA/android/titanium.jar => org/appcelerator/titanium/res/drawable/btn_more_64.png
[DEBUG] from JAR /Users/sindhyapeter/Library/Application Support/Titanium/mobilesdk/osx/3.1.3.GA/android/titanium.jar => org/appcelerator/titanium/res/drawable/btn_picker_normal.9.png
[DEBUG] from JAR /Users/sindhyapeter/Library/Application Support/Titanium/mobilesdk/osx/3.1.3.GA/android/titanium.jar => org/appcelerator/titanium/res/drawable/btn_picker_pressed.9.png
[DEBUG] from JAR /Users/sindhyapeter/Library/Application Support/Titanium/mobilesdk/osx/3.1.3.GA/android/titanium.jar => org/appcelerator/titanium/res/drawable/btn_picker_selected.9.png
[DEBUG] from JAR /Users/sindhyapeter/Library/Application Support/Titanium/mobilesdk/osx/3.1.3.GA/android/titanium.jar => org/appcelerator/titanium/res/drawable/default_icon.png
[DEBUG] from JAR /Users/sindhyapeter/Library/Application Support/Titanium/mobilesdk/osx/3.1.3.GA/android/titanium.jar => org/appcelerator/titanium/res/drawable/photoDefault.png
[DEBUG] from JAR /Users/sindhyapeter/Library/Application Support/Titanium/mobilesdk/osx/3.1.3.GA/android/modules/titanium-ui.jar => ti/modules/titanium/ui/widget/webview/binding.js
[DEBUG] from JAR /Users/sindhyapeter/Library/Application Support/Titanium/mobilesdk/osx/3.1.3.GA/android/modules/titanium-ui.jar => ti/modules/titanium/ui/widget/webview/binding.min.js
[DEBUG] from JAR /Users/sindhyapeter/Library/Application Support/Titanium/mobilesdk/osx/3.1.3.GA/android/modules/titanium-ui.jar => ti/modules/titanium/ui/widget/webview/json2.js
[DEBUG] from JAR /Users/sindhyapeter/Library/Application Support/Titanium/mobilesdk/osx/3.1.3.GA/android/modules/titanium-ui.jar => ti/modules/titanium/ui/widget/webview/polling.js
[DEBUG] from JAR /Users/sindhyapeter/Library/Application Support/Titanium/mobilesdk/osx/3.1.3.GA/android/modules/titanium-ui.jar => ti/modules/titanium/ui/widget/webview/polling.min.js
[DEBUG] from JAR /Users/sindhyapeter/Library/Application Support/Titanium/mobilesdk/osx/3.1.3.GA/android/thirdparty.jar => org/apache/Commons-NOTICE.txt
[DEBUG] from JAR /Users/sindhyapeter/Library/Application Support/Titanium/mobilesdk/osx/3.1.3.GA/android/thirdparty.jar => org/apache/HttpComponents-NOTICE.txt
[DEBUG] from JAR /Users/sindhyapeter/Library/Application Support/Titanium/mobilesdk/osx/3.1.3.GA/android/thirdparty.jar => org/apache/mime4j-NOTICE.txt
[DEBUG] installing native lib: /Users/sindhyapeter/Library/Application Support/Titanium/modules/android/com.mahiti.titaniumandroidmodule/1/libs/armeabi/libcom.mahiti.titaniumandroidmodule.so
[DEBUG] installing native lib: /Users/sindhyapeter/Library/Application Support/Titanium/modules/android/com.mahiti.titaniumandroidmodule/1/libs/armeabi-v7a/libcom.mahiti.titaniumandroidmodule.so
[DEBUG] installing native lib: /Users/sindhyapeter/Library/Application Support/Titanium/modules/android/com.mahiti.titaniumandroidmodule/1/libs/x86/libcom.mahiti.titaniumandroidmodule.so
[DEBUG] installing native SDK libs
[DEBUG] Waiting for device to be ready ...
[TRACE] adb devices returned 1 devices/emulators
[DEBUG] Device connected... (waited 0 seconds)
[DEBUG] waited 0.015818 seconds on emulator to get ready
[INFO] Installing application on device
[INFO] Application installed. Launch from drawer on Home Screen
